0 verbose cli /usr/local/bin/node /usr/local/bin/npm
1 info using npm@8.11.0
2 info using node@v17.9.1
3 timing npm:load:whichnode Completed in 0ms
4 timing config:load:defaults Completed in 2ms
5 timing config:load:file:/usr/local/lib/node_modules/npm/npmrc Completed in 1ms
6 timing config:load:builtin Completed in 1ms
7 timing config:load:cli Completed in 2ms
8 timing config:load:env Completed in 0ms
9 timing config:load:project Completed in 71ms
10 timing config:load:file:/home/container/.npmrc Completed in 0ms
11 timing config:load:user Completed in 0ms
12 timing config:load:file:/usr/local/etc/npmrc Completed in 0ms
13 timing config:load:global Completed in 0ms
14 timing config:load:validate Completed in 0ms
15 timing config:load:credentials Completed in 1ms
16 timing config:load:setEnvs Completed in 0ms
17 timing config:load Completed in 78ms
18 timing npm:load:configload Completed in 78ms
19 timing npm:load:mkdirpcache Completed in 0ms
20 timing npm:load:mkdirplogs Completed in 1ms
21 verbose title npm install discord.js
22 verbose argv "install" "discord.js"
23 timing npm:load:setTitle Completed in 1ms
24 timing config:load:flatten Completed in 2ms
25 timing npm:load:display Completed in 4ms
26 verbose logfile logs-max:10 dir:/home/container/.npm/_logs
27 verbose logfile /home/container/.npm/_logs/2023-11-27T09_23_26_354Z-debug-0.log
28 timing npm:load:logFile Completed in 4ms
29 timing npm:load:timers Completed in 0ms
30 timing npm:load:configScope Completed in 0ms
31 timing npm:load Completed in 90ms
32 timing arborist:ctor Completed in 1ms
33 silly logfile start cleaning logs, removing 1 files
34 silly logfile done cleaning log files
35 timing idealTree:init Completed in 95ms
36 timing idealTree:userRequests Completed in 2ms
37 silly idealTree buildDeps
38 silly fetch manifest discord.js@^13.16.0
39 timing arborist:ctor Completed in 0ms
40 http fetch GET 200 https://registry.npmjs.org/npm 611ms (cache updated)
41 http fetch GET 200 https://registry.npmjs.org/discord.js 599ms (cache updated)
42 silly placeDep ROOT discord.js@13.17.1 REPLACE for: blobbot@1.0.0 want: ^13.16.0
43 timing idealTree:#root Completed in 784ms
44 timing idealTree:node_modules/discord.js Completed in 0ms
45 timing idealTree:buildDeps Completed in 785ms
46 timing idealTree:fixDepFlags Completed in 1ms
47 timing idealTree Completed in 884ms
48 timing reify:loadTrees Completed in 886ms
49 timing reify:diffTrees Completed in 3ms
50 silly reify mark retired [ '/home/container/node_modules/discord.js' ]
51 silly reify moves {
51 silly reify   '/home/container/node_modules/discord.js': '/home/container/node_modules/.discord.js-PAVAWahc'
51 silly reify }
52 timing reify:retireShallow Completed in 3ms
53 timing reify:createSparse Completed in 0ms
54 timing reify:loadBundles Completed in 0ms
55 silly audit bulk request {
55 silly audit   '@discordjs/builders': [ '0.16.0' ],
55 silly audit   'discord-api-types': [ '0.36.3', '0.33.5' ],
55 silly audit   '@discordjs/collection': [ '0.7.0' ],
55 silly audit   '@sapphire/async-queue': [ '1.5.0' ],
55 silly audit   '@sapphire/shapeshift': [ '3.5.1' ],
55 silly audit   '@types/bson': [ '4.0.3' ],
55 silly audit   '@types/mongodb': [ '3.6.3' ],
55 silly audit   '@types/node': [ '14.14.13' ],
55 silly audit   '@types/node-fetch': [ '2.6.3' ],
55 silly audit   'form-data': [ '3.0.1', '4.0.0' ],
55 silly audit   '@types/ws': [ '8.5.4' ],
55 silly audit   asynckit: [ '0.4.0' ],
55 silly audit   bl: [ '2.2.1' ],
55 silly audit   bluebird: [ '3.5.1' ],
55 silly audit   bson: [ '1.1.5' ],
55 silly audit   'combined-stream': [ '1.0.8' ],
55 silly audit   'core-util-is': [ '1.0.2' ],
55 silly audit   debug: [ '3.1.0' ],
55 silly audit   ms: [ '2.0.0', '2.1.2' ],
55 silly audit   'delayed-stream': [ '1.0.0' ],
55 silly audit   denque: [ '1.4.1' ],
55 silly audit   'discord-buttons': [ '4.0.0' ],
55 silly audit   'discord.js-buttons': [ '1.0.0' ],
55 silly audit   'fast-deep-equal': [ '3.1.3' ],
55 silly audit   inherits: [ '2.0.4' ],
55 silly audit   isarray: [ '1.0.0' ],
55 silly audit   kareem: [ '2.3.2' ],
55 silly audit   lodash: [ '4.17.21' ],
55 silly audit   'lodash.uniqwith': [ '4.5.0' ],
55 silly audit   'memory-pager': [ '1.5.0' ],
55 silly audit   'mime-db': [ '1.52.0' ],
55 silly audit   'mime-types': [ '2.1.35' ],
55 silly audit   mongodb: [ '3.6.3' ],
55 silly audit   mongoose: [ '5.11.8' ],
55 silly audit   'mongoose-legacy-pluralize': [ '1.0.2' ],
55 silly audit   mpath: [ '0.8.1' ],
55 silly audit   mquery: [ '3.2.3' ],
55 silly audit   'safe-buffer': [ '5.1.2', '5.2.1' ],
55 silly audit   'node-fetch': [ '2.6.7' ],
55 silly audit   'process-nextick-args': [ '2.0.1' ],
55 silly audit   'readable-stream': [ '2.3.7' ],
55 silly audit   'regexp-clone': [ '1.0.0' ],
55 silly audit   require_optional: [ '1.0.1' ],
55 silly audit   'resolve-from': [ '2.0.0' ],
55 silly audit   saslprep: [ '1.0.3' ],
55 silly audit   semver: [ '5.7.1' ],
55 silly audit   sift: [ '7.0.1' ],
55 silly audit   sliced: [ '1.0.1' ],
55 silly audit   'sparse-bitfield': [ '3.0.3' ],
55 silly audit   string_decoder: [ '1.1.1' ],
55 silly audit   tr46: [ '0.0.3' ],
55 silly audit   'ts-mixer': [ '6.0.1' ],
55 silly audit   tslib: [ '2.4.0' ],
55 silly audit   'util-deprecate': [ '1.0.2' ],
55 silly audit   'webidl-conversions': [ '3.0.1' ],
55 silly audit   'whatwg-url': [ '5.0.0' ],
55 silly audit   ws: [ '8.13.0' ],
55 silly audit   'discord.js': [ '13.17.1' ]
55 silly audit }
56 silly tarball no local data for discord.js@https://registry.npmjs.org/discord.js/-/discord.js-13.17.1.tgz. Extracting by manifest.
57 http fetch POST 200 https://registry.npmjs.org/-/npm/v1/security/advisories/bulk 103ms
58 timing auditReport:getReport Completed in 105ms
59 silly audit report {
59 silly audit report   mongodb: [
59 silly audit report     {
59 silly audit report       id: 1094775,
59 silly audit report       url: 'https://github.com/advisories/GHSA-vxvm-qww3-2fh7',
59 silly audit report       title: 'MongoDB Driver may publish events containing authentication-related data',
59 silly audit report       severity: 'moderate',
59 silly audit report       vulnerable_versions: '>=3.6.0 <3.6.10',
59 silly audit report       cwe: [Array],
59 silly audit report       cvss: [Object]
59 silly audit report     }
59 silly audit report   ],
59 silly audit report   mongoose: [
59 silly audit report     {
59 silly audit report       id: 1093637,
59 silly audit report       url: 'https://github.com/advisories/GHSA-f825-f98c-gj3g',
59 silly audit report       title: 'automattic/mongoose vulnerable to Prototype pollution via Schema.path',
59 silly audit report       severity: 'high',
59 silly audit report       vulnerable_versions: '<5.13.15',
59 silly audit report       cwe: [Array],
59 silly audit report       cvss: [Object]
59 silly audit report     },
59 silly audit report     {
59 silly audit report       id: 1094591,
59 silly audit report       url: 'https://github.com/advisories/GHSA-9m93-w8w6-76hh',
59 silly audit report       title: 'Mongoose Prototype Pollution vulnerability',
59 silly audit report       severity: 'critical',
59 silly audit report       vulnerable_versions: '<5.13.20',
59 silly audit report       cwe: [Array],
59 silly audit report       cvss: [Object]
59 silly audit report     }
59 silly audit report   ],
59 silly audit report   mpath: [
59 silly audit report     {
59 silly audit report       id: 1093427,
59 silly audit report       url: 'https://github.com/advisories/GHSA-p92x-r36w-9395',
59 silly audit report       title: 'Type confusion in mpath',
59 silly audit report       severity: 'moderate',
59 silly audit report       vulnerable_versions: '<0.8.4',
59 silly audit report       cwe: [Array],
59 silly audit report       cvss: [Object]
59 silly audit report     }
59 silly audit report   ],
59 silly audit report   semver: [
59 silly audit report     {
59 silly audit report       id: 1094554,
59 silly audit report       url: 'https://github.com/advisories/GHSA-c2qf-rxjj-qqgw',
59 silly audit report       title: 'semver vulnerable to Regular Expression Denial of Service',
59 silly audit report       severity: 'moderate',
59 silly audit report       vulnerable_versions: '<5.7.2',
59 silly audit report       cwe: [Array],
59 silly audit report       cvss: [Object]
59 silly audit report     }
59 silly audit report   ]
59 silly audit report }
60 timing metavuln:cache:get:security-advisory:mongodb:ByfO5SsB+VzKfPmF1LnRiFDKZ804I8+JGVT8uG1BBH0D7QQJj9sLwWESVIGT7gGAk/BgK2xoDFXd19925PIafw== Completed in 3ms
61 timing metavuln:cache:get:security-advisory:mongoose:3+44N5IOb8EdsCNSpEl+sqigWx0haoEsyh3kMaOaRBDRqwswu5PkvY71N8xvDyNS9lVjbcsSdAJzwzY0EQ8XNg== Completed in 2ms
62 timing metavuln:cache:get:security-advisory:semver:3PyBKqoXEpiL7mFRG7u0gNFJbfuPkyG3pE4CL+7K43jfFC8aNmrbqXPNAP9cb7xSQVnnHiYFl6opVqdT+Xmf1g== Completed in 2ms
63 timing metavuln:cache:get:security-advisory:mpath:js+Es+Oal7fLBsP6FgQLbh7xODoDCREM5uIUQlaGHZmLH+U2tHUZGG/1xZo5O7xa3kDjtekL+7I8UhYMNyBU9w== Completed in 6ms
64 timing metavuln:cache:get:security-advisory:mongoose:YTTHljgg/lZ7kT9wDebz7Wl4r0ZgGe33q/cl+fV7JfE5KRKf3HxJKukPwTtvKf4db7WXChsAVr7wP5kWcTt2OA== Completed in 38ms
65 http fetch GET 200 https://registry.npmjs.org/semver 62ms (cache revalidated)
66 timing metavuln:packument:semver Completed in 63ms
67 timing metavuln:load:security-advisory:semver:1094554 Completed in 5ms
68 timing metavuln:cache:put:security-advisory:semver:3PyBKqoXEpiL7mFRG7u0gNFJbfuPkyG3pE4CL+7K43jfFC8aNmrbqXPNAP9cb7xSQVnnHiYFl6opVqdT+Xmf1g== Completed in 3ms
69 timing metavuln:calculate:security-advisory:semver:1094554 Completed in 71ms
70 http fetch GET 200 https://registry.npmjs.org/mongodb 140ms (cache updated)
71 timing metavuln:packument:mongodb Completed in 147ms
72 timing metavuln:load:security-advisory:mongodb:1094775 Completed in 28ms
73 timing metavuln:cache:put:security-advisory:mongodb:ByfO5SsB+VzKfPmF1LnRiFDKZ804I8+JGVT8uG1BBH0D7QQJj9sLwWESVIGT7gGAk/BgK2xoDFXd19925PIafw== Completed in 3ms
74 timing metavuln:calculate:security-advisory:mongodb:1094775 Completed in 179ms
75 http fetch GET 200 https://registry.npmjs.org/mpath 192ms (cache revalidated)
76 timing metavuln:packument:mpath Completed in 192ms
77 timing metavuln:load:security-advisory:mpath:1093427 Completed in 0ms
78 timing metavuln:calculate:security-advisory:mpath:1093427 Completed in 192ms
79 http fetch GET 200 https://registry.npmjs.org/mongoose 473ms (cache updated)
80 timing metavuln:packument:mongoose Completed in 484ms
81 timing metavuln:load:security-advisory:mongoose:1093637 Completed in 7ms
82 timing metavuln:load:security-advisory:mongoose:1094591 Completed in 16ms
83 timing metavuln:cache:put:security-advisory:mongoose:YTTHljgg/lZ7kT9wDebz7Wl4r0ZgGe33q/cl+fV7JfE5KRKf3HxJKukPwTtvKf4db7WXChsAVr7wP5kWcTt2OA== Completed in 92ms
84 timing metavuln:calculate:security-advisory:mongoose:1093637 Completed in 584ms
85 timing metavuln:cache:put:security-advisory:mongoose:3+44N5IOb8EdsCNSpEl+sqigWx0haoEsyh3kMaOaRBDRqwswu5PkvY71N8xvDyNS9lVjbcsSdAJzwzY0EQ8XNg== Completed in 75ms
86 timing metavuln:calculate:security-advisory:mongoose:1094591 Completed in 584ms
87 timing metavuln:cache:get:security-advisory:mongoose:jR97ttgtUq95YdfcQ0OQL3KVoSCguJlwuIX/c176zld0alDE+7G1wS8w5qNJn8RStSaQu5vkMVlRKoy4MUg4jw== Completed in 0ms
88 timing metavuln:load:security-advisory:mongoose:ByfO5SsB+VzKfPmF1LnRiFDKZ804I8+JGVT8uG1BBH0D7QQJj9sLwWESVIGT7gGAk/BgK2xoDFXd19925PIafw== Completed in 529ms
89 timing metavuln:cache:put:security-advisory:mongoose:jR97ttgtUq95YdfcQ0OQL3KVoSCguJlwuIX/c176zld0alDE+7G1wS8w5qNJn8RStSaQu5vkMVlRKoy4MUg4jw== Completed in 63ms
90 timing metavuln:calculate:security-advisory:mongoose:ByfO5SsB+VzKfPmF1LnRiFDKZ804I8+JGVT8uG1BBH0D7QQJj9sLwWESVIGT7gGAk/BgK2xoDFXd19925PIafw== Completed in 593ms
91 timing metavuln:cache:get:security-advisory:mongoose-legacy-pluralize:8BpTlWU62eYeKkGwnmfJJXMwiV3GZYZ++GUNNB2K7WAhKNDOSjxt2NuzjNhcTD8smHWzQHRQ/ZpS2np2wGx/2A== Completed in 4ms
92 http fetch GET 200 https://registry.npmjs.org/discord.js/-/discord.js-13.17.1.tgz 1485ms (cache miss)
93 timing reifyNode:node_modules/discord.js Completed in 1492ms
94 timing reify:unpack Completed in 1492ms
95 timing reify:unretire Completed in 0ms
96 timing build:queue Completed in 0ms
97 timing build:deps Completed in 0ms
98 timing build Completed in 1ms
99 timing reify:build Completed in 2ms
100 timing reify:trash Completed in 89ms
101 timing reify:save Completed in 19ms
102 http fetch GET 200 https://registry.npmjs.org/mongoose-legacy-pluralize 329ms (cache revalidated)
103 timing metavuln:packument:mongoose-legacy-pluralize Completed in 329ms
104 timing metavuln:load:security-advisory:mongoose-legacy-pluralize:YTTHljgg/lZ7kT9wDebz7Wl4r0ZgGe33q/cl+fV7JfE5KRKf3HxJKukPwTtvKf4db7WXChsAVr7wP5kWcTt2OA== Completed in 6ms
105 timing metavuln:cache:put:security-advisory:mongoose-legacy-pluralize:8BpTlWU62eYeKkGwnmfJJXMwiV3GZYZ++GUNNB2K7WAhKNDOSjxt2NuzjNhcTD8smHWzQHRQ/ZpS2np2wGx/2A== Completed in 3ms
106 timing metavuln:calculate:security-advisory:mongoose-legacy-pluralize:YTTHljgg/lZ7kT9wDebz7Wl4r0ZgGe33q/cl+fV7JfE5KRKf3HxJKukPwTtvKf4db7WXChsAVr7wP5kWcTt2OA== Completed in 339ms
107 timing metavuln:cache:get:security-advisory:mongoose:aqfEV6EOrxCVohvSnVNhANP9C7n0TVykt+ZA5gR/RnkFRwJUAizPrdO7SPB2Mj5iQ7Dx+totgR/xaOgaM2JMWQ== Completed in 3ms
108 timing metavuln:load:security-advisory:mongoose:js+Es+Oal7fLBsP6FgQLbh7xODoDCREM5uIUQlaGHZmLH+U2tHUZGG/1xZo5O7xa3kDjtekL+7I8UhYMNyBU9w== Completed in 65ms
109 timing metavuln:cache:put:security-advisory:mongoose:aqfEV6EOrxCVohvSnVNhANP9C7n0TVykt+ZA5gR/RnkFRwJUAizPrdO7SPB2Mj5iQ7Dx+totgR/xaOgaM2JMWQ== Completed in 3ms
110 timing metavuln:calculate:security-advisory:mongoose:js+Es+Oal7fLBsP6FgQLbh7xODoDCREM5uIUQlaGHZmLH+U2tHUZGG/1xZo5O7xa3kDjtekL+7I8UhYMNyBU9w== Completed in 72ms
111 timing metavuln:cache:get:security-advisory:require_optional:OjlfqqzMy/Cgo0U1nOGHLbJVHDrTA6yxer9isk2nhz4vr+5Wc2I6sg5ShWWheSxJObFOwj1oreAuAYlum5UvOQ== Completed in 1ms
112 http fetch GET 200 https://registry.npmjs.org/require_optional 302ms (cache revalidated)
113 timing metavuln:packument:require_optional Completed in 302ms
114 timing metavuln:load:security-advisory:require_optional:3PyBKqoXEpiL7mFRG7u0gNFJbfuPkyG3pE4CL+7K43jfFC8aNmrbqXPNAP9cb7xSQVnnHiYFl6opVqdT+Xmf1g== Completed in 0ms
115 timing metavuln:cache:put:security-advisory:require_optional:OjlfqqzMy/Cgo0U1nOGHLbJVHDrTA6yxer9isk2nhz4vr+5Wc2I6sg5ShWWheSxJObFOwj1oreAuAYlum5UvOQ== Completed in 2ms
116 timing metavuln:calculate:security-advisory:require_optional:3PyBKqoXEpiL7mFRG7u0gNFJbfuPkyG3pE4CL+7K43jfFC8aNmrbqXPNAP9cb7xSQVnnHiYFl6opVqdT+Xmf1g== Completed in 305ms
117 timing auditReport:init Completed in 1894ms
118 timing reify:audit Completed in 2001ms
119 timing reify Completed in 2910ms
120 silly CHANGE node_modules/discord.js
121 timing command:install Completed in 2935ms
122 notice
122 notice New [31mmajor[39m version of npm available! [31m8.11.0[39m -> [32m10.2.4[39m
122 notice Changelog: [36mhttps://github.com/npm/cli/releases/tag/v10.2.4[39m
122 notice Run [32mnpm install -g npm@10.2.4[39m to update!
122 notice
123 verbose exit 0
124 timing npm Completed in 3122ms
125 info ok
