0 verbose cli /usr/local/bin/node /usr/local/bin/npm
1 info using npm@8.11.0
2 info using node@v17.9.1
3 timing npm:load:whichnode Completed in 0ms
4 timing config:load:defaults Completed in 4ms
5 timing config:load:file:/usr/local/lib/node_modules/npm/npmrc Completed in 0ms
6 timing config:load:builtin Completed in 1ms
7 timing config:load:cli Completed in 1ms
8 timing config:load:env Completed in 0ms
9 timing config:load:project Completed in 8ms
10 timing config:load:file:/home/container/.npmrc Completed in 0ms
11 timing config:load:user Completed in 0ms
12 timing config:load:file:/usr/local/etc/npmrc Completed in 0ms
13 timing config:load:global Completed in 0ms
14 timing config:load:validate Completed in 0ms
15 timing config:load:credentials Completed in 1ms
16 timing config:load:setEnvs Completed in 1ms
17 timing config:load Completed in 17ms
18 timing npm:load:configload Completed in 17ms
19 timing npm:load:mkdirpcache Completed in 1ms
20 timing npm:load:mkdirplogs Completed in 0ms
21 verbose title npm install discord.js
22 verbose argv "install" "discord.js"
23 timing npm:load:setTitle Completed in 1ms
24 timing config:load:flatten Completed in 2ms
25 timing npm:load:display Completed in 4ms
26 verbose logfile logs-max:10 dir:/home/container/.npm/_logs
27 verbose logfile /home/container/.npm/_logs/2023-10-17T09_02_41_680Z-debug-0.log
28 timing npm:load:logFile Completed in 4ms
29 timing npm:load:timers Completed in 0ms
30 timing npm:load:configScope Completed in 0ms
31 timing npm:load Completed in 27ms
32 timing arborist:ctor Completed in 1ms
33 silly logfile start cleaning logs, removing 1 files
34 silly logfile done cleaning log files
35 timing idealTree:init Completed in 84ms
36 timing idealTree:userRequests Completed in 1ms
37 silly idealTree buildDeps
38 silly fetch manifest discord.js@^13.16.0
39 timing arborist:ctor Completed in 0ms
40 http fetch GET 200 https://registry.npmjs.org/discord.js 165ms (cache hit)
41 silly placeDep ROOT discord.js@13.16.0 REPLACE for: blobbot@1.0.0 want: ^13.16.0
42 timing idealTree:#root Completed in 264ms
43 timing idealTree:node_modules/discord.js Completed in 0ms
44 timing idealTree:buildDeps Completed in 266ms
45 timing idealTree:fixDepFlags Completed in 1ms
46 timing idealTree Completed in 353ms
47 timing reify:loadTrees Completed in 354ms
48 timing reify:diffTrees Completed in 3ms
49 silly reify moves {}
50 timing reify:retireShallow Completed in 1ms
51 timing reify:createSparse Completed in 0ms
52 timing reify:loadBundles Completed in 0ms
53 silly audit bulk request {
53 silly audit   '@discordjs/builders': [ '0.16.0' ],
53 silly audit   'discord-api-types': [ '0.36.3', '0.33.5' ],
53 silly audit   '@discordjs/collection': [ '0.7.0' ],
53 silly audit   '@sapphire/async-queue': [ '1.5.0' ],
53 silly audit   '@sapphire/shapeshift': [ '3.5.1' ],
53 silly audit   '@types/bson': [ '4.0.3' ],
53 silly audit   '@types/mongodb': [ '3.6.3' ],
53 silly audit   '@types/node': [ '14.14.13' ],
53 silly audit   '@types/node-fetch': [ '2.6.3' ],
53 silly audit   'form-data': [ '3.0.1', '4.0.0' ],
53 silly audit   '@types/ws': [ '8.5.4' ],
53 silly audit   asynckit: [ '0.4.0' ],
53 silly audit   bl: [ '2.2.1' ],
53 silly audit   bluebird: [ '3.5.1' ],
53 silly audit   bson: [ '1.1.5' ],
53 silly audit   'combined-stream': [ '1.0.8' ],
53 silly audit   'core-util-is': [ '1.0.2' ],
53 silly audit   debug: [ '3.1.0' ],
53 silly audit   ms: [ '2.0.0', '2.1.2' ],
53 silly audit   'delayed-stream': [ '1.0.0' ],
53 silly audit   denque: [ '1.4.1' ],
53 silly audit   'discord-buttons': [ '4.0.0' ],
53 silly audit   'discord.js-buttons': [ '1.0.0' ],
53 silly audit   'fast-deep-equal': [ '3.1.3' ],
53 silly audit   inherits: [ '2.0.4' ],
53 silly audit   isarray: [ '1.0.0' ],
53 silly audit   kareem: [ '2.3.2' ],
53 silly audit   lodash: [ '4.17.21' ],
53 silly audit   'lodash.uniqwith': [ '4.5.0' ],
53 silly audit   'memory-pager': [ '1.5.0' ],
53 silly audit   'mime-db': [ '1.52.0' ],
53 silly audit   'mime-types': [ '2.1.35' ],
53 silly audit   mongodb: [ '3.6.3' ],
53 silly audit   mongoose: [ '5.11.8' ],
53 silly audit   'mongoose-legacy-pluralize': [ '1.0.2' ],
53 silly audit   mpath: [ '0.8.1' ],
53 silly audit   mquery: [ '3.2.3' ],
53 silly audit   'safe-buffer': [ '5.1.2', '5.2.1' ],
53 silly audit   'node-fetch': [ '2.6.7' ],
53 silly audit   'process-nextick-args': [ '2.0.1' ],
53 silly audit   'readable-stream': [ '2.3.7' ],
53 silly audit   'regexp-clone': [ '1.0.0' ],
53 silly audit   require_optional: [ '1.0.1' ],
53 silly audit   'resolve-from': [ '2.0.0' ],
53 silly audit   saslprep: [ '1.0.3' ],
53 silly audit   semver: [ '5.7.1' ],
53 silly audit   sift: [ '7.0.1' ],
53 silly audit   sliced: [ '1.0.1' ],
53 silly audit   'sparse-bitfield': [ '3.0.3' ],
53 silly audit   string_decoder: [ '1.1.1' ],
53 silly audit   tr46: [ '0.0.3' ],
53 silly audit   'ts-mixer': [ '6.0.1' ],
53 silly audit   tslib: [ '2.4.0' ],
53 silly audit   'util-deprecate': [ '1.0.2' ],
53 silly audit   'webidl-conversions': [ '3.0.1' ],
53 silly audit   'whatwg-url': [ '5.0.0' ],
53 silly audit   ws: [ '8.13.0' ],
53 silly audit   'discord.js': [ '13.16.0' ]
53 silly audit }
54 timing reify:unpack Completed in 2ms
55 timing reify:unretire Completed in 0ms
56 timing build:queue Completed in 0ms
57 timing build:deps Completed in 0ms
58 timing build Completed in 0ms
59 timing reify:build Completed in 0ms
60 timing reify:trash Completed in 0ms
61 timing reify:save Completed in 19ms
62 http fetch POST 200 https://registry.npmjs.org/-/npm/v1/security/advisories/bulk 326ms
63 timing auditReport:getReport Completed in 329ms
64 silly audit report {
64 silly audit report   mongodb: [
64 silly audit report     {
64 silly audit report       id: 1094268,
64 silly audit report       url: 'https://github.com/advisories/GHSA-vxvm-qww3-2fh7',
64 silly audit report       title: 'MongoDB Driver may publish events containing authentication-related data',
64 silly audit report       severity: 'moderate',
64 silly audit report       vulnerable_versions: '>=3.6.0 <3.6.10',
64 silly audit report       cwe: [Array],
64 silly audit report       cvss: [Object]
64 silly audit report     }
64 silly audit report   ],
64 silly audit report   mongoose: [
64 silly audit report     {
64 silly audit report       id: 1092598,
64 silly audit report       url: 'https://github.com/advisories/GHSA-9m93-w8w6-76hh',
64 silly audit report       title: 'Mongoose Prototype Pollution vulnerability',
64 silly audit report       severity: 'critical',
64 silly audit report       vulnerable_versions: '<5.13.20',
64 silly audit report       cwe: [Array],
64 silly audit report       cvss: [Object]
64 silly audit report     },
64 silly audit report     {
64 silly audit report       id: 1093637,
64 silly audit report       url: 'https://github.com/advisories/GHSA-f825-f98c-gj3g',
64 silly audit report       title: 'automattic/mongoose vulnerable to Prototype pollution via Schema.path',
64 silly audit report       severity: 'high',
64 silly audit report       vulnerable_versions: '<5.13.15',
64 silly audit report       cwe: [Array],
64 silly audit report       cvss: [Object]
64 silly audit report     }
64 silly audit report   ],
64 silly audit report   mpath: [
64 silly audit report     {
64 silly audit report       id: 1093427,
64 silly audit report       url: 'https://github.com/advisories/GHSA-p92x-r36w-9395',
64 silly audit report       title: 'Type confusion in mpath',
64 silly audit report       severity: 'moderate',
64 silly audit report       vulnerable_versions: '<0.8.4',
64 silly audit report       cwe: [Array],
64 silly audit report       cvss: [Object]
64 silly audit report     }
64 silly audit report   ],
64 silly audit report   semver: [
64 silly audit report     {
64 silly audit report       id: 1093262,
64 silly audit report       url: 'https://github.com/advisories/GHSA-c2qf-rxjj-qqgw',
64 silly audit report       title: 'semver vulnerable to Regular Expression Denial of Service',
64 silly audit report       severity: 'moderate',
64 silly audit report       vulnerable_versions: '<5.7.2',
64 silly audit report       cwe: [Array],
64 silly audit report       cvss: [Object]
64 silly audit report     }
64 silly audit report   ]
64 silly audit report }
65 timing metavuln:cache:get:security-advisory:mongodb:Ln4JOeIQYHwQw5E39nAKS7nfzxq0V/ceDM8aCdkb6PgY3BWlOwoVvaC0oZziC9zp43eDJu12GQm4k6bep1mDPg== Completed in 6ms
66 timing metavuln:cache:get:security-advisory:mongoose:YTTHljgg/lZ7kT9wDebz7Wl4r0ZgGe33q/cl+fV7JfE5KRKf3HxJKukPwTtvKf4db7WXChsAVr7wP5kWcTt2OA== Completed in 5ms
67 timing metavuln:cache:get:security-advisory:mongoose:bAUDBCe7K6VWB8sFgJFIg1NtCeo2buU4+vhQoSt1kZSyp6qCSDDFeEuPHj4bNoGTGmfWD/whq84kYTKdBcsW2A== Completed in 6ms
68 timing metavuln:cache:get:security-advisory:mpath:js+Es+Oal7fLBsP6FgQLbh7xODoDCREM5uIUQlaGHZmLH+U2tHUZGG/1xZo5O7xa3kDjtekL+7I8UhYMNyBU9w== Completed in 5ms
69 timing metavuln:cache:get:security-advisory:semver:PlZgIkF6e3/0yLjqYqSrH86eUBw0BU9Wzsy4iARPg9G3iRIQ2GNxvejcQXeGaJot7HHphkgcPgSjq2bILFos4A== Completed in 5ms
70 http fetch GET 200 https://registry.npmjs.org/mpath 11ms (cache hit)
71 timing metavuln:packument:mpath Completed in 12ms
72 timing metavuln:load:security-advisory:mpath:1093427 Completed in 0ms
73 timing metavuln:calculate:security-advisory:mpath:1093427 Completed in 13ms
74 http fetch GET 200 https://registry.npmjs.org/semver 12ms (cache hit)
75 timing metavuln:packument:semver Completed in 13ms
76 timing metavuln:load:security-advisory:semver:1093262 Completed in 1ms
77 timing metavuln:calculate:security-advisory:semver:1093262 Completed in 14ms
78 http fetch GET 200 https://registry.npmjs.org/mongodb 16ms (cache hit)
79 timing metavuln:packument:mongodb Completed in 22ms
80 timing metavuln:load:security-advisory:mongodb:1094268 Completed in 3ms
81 timing metavuln:calculate:security-advisory:mongodb:1094268 Completed in 25ms
82 http fetch GET 200 https://registry.npmjs.org/mongoose 27ms (cache hit)
83 timing metavuln:packument:mongoose Completed in 38ms
84 timing metavuln:load:security-advisory:mongoose:1092598 Completed in 24ms
85 timing metavuln:calculate:security-advisory:mongoose:1092598 Completed in 63ms
86 timing metavuln:load:security-advisory:mongoose:1093637 Completed in 9ms
87 timing metavuln:calculate:security-advisory:mongoose:1093637 Completed in 72ms
88 timing metavuln:cache:get:security-advisory:mongoose:dwPg/9SAoxCqs6+cncv37wZmUYUM2fcPWg8jZH9tsn9EYiASwmDJZK5bf9kGSlmGUb5gZBkXOMW+BRlJd3k+EQ== Completed in 2ms
89 timing metavuln:load:security-advisory:mongoose:Ln4JOeIQYHwQw5E39nAKS7nfzxq0V/ceDM8aCdkb6PgY3BWlOwoVvaC0oZziC9zp43eDJu12GQm4k6bep1mDPg== Completed in 4ms
90 timing metavuln:calculate:security-advisory:mongoose:Ln4JOeIQYHwQw5E39nAKS7nfzxq0V/ceDM8aCdkb6PgY3BWlOwoVvaC0oZziC9zp43eDJu12GQm4k6bep1mDPg== Completed in 6ms
91 timing metavuln:cache:get:security-advisory:mongoose-legacy-pluralize:CbluTbFMxgnkWJfh8tukYs+Pz0GDiPKQGiJULHwLrmOqVWlm4Y6t2irhEUTJykanDcozkqI4KM+EZ4SH/MIGfA== Completed in 8ms
92 http fetch GET 200 https://registry.npmjs.org/mongoose-legacy-pluralize 82ms (cache hit)
93 timing metavuln:packument:mongoose-legacy-pluralize Completed in 84ms
94 timing metavuln:load:security-advisory:mongoose-legacy-pluralize:bAUDBCe7K6VWB8sFgJFIg1NtCeo2buU4+vhQoSt1kZSyp6qCSDDFeEuPHj4bNoGTGmfWD/whq84kYTKdBcsW2A== Completed in 0ms
95 timing metavuln:calculate:security-advisory:mongoose-legacy-pluralize:bAUDBCe7K6VWB8sFgJFIg1NtCeo2buU4+vhQoSt1kZSyp6qCSDDFeEuPHj4bNoGTGmfWD/whq84kYTKdBcsW2A== Completed in 84ms
96 timing metavuln:cache:get:security-advisory:mongoose:aqfEV6EOrxCVohvSnVNhANP9C7n0TVykt+ZA5gR/RnkFRwJUAizPrdO7SPB2Mj5iQ7Dx+totgR/xaOgaM2JMWQ== Completed in 2ms
97 timing metavuln:load:security-advisory:mongoose:js+Es+Oal7fLBsP6FgQLbh7xODoDCREM5uIUQlaGHZmLH+U2tHUZGG/1xZo5O7xa3kDjtekL+7I8UhYMNyBU9w== Completed in 4ms
98 timing metavuln:calculate:security-advisory:mongoose:js+Es+Oal7fLBsP6FgQLbh7xODoDCREM5uIUQlaGHZmLH+U2tHUZGG/1xZo5O7xa3kDjtekL+7I8UhYMNyBU9w== Completed in 6ms
99 timing metavuln:cache:get:security-advisory:require_optional:eke0vwuyXj4EuO/X6wgw+rcTUtGE7H20/blAB/LSRszhTafIXqPz678M+24kJQpKUx2URoV4/7qTuvxPPSTaaA== Completed in 2ms
100 http fetch GET 200 https://registry.npmjs.org/require_optional 4ms (cache hit)
101 timing metavuln:packument:require_optional Completed in 5ms
102 timing metavuln:load:security-advisory:require_optional:PlZgIkF6e3/0yLjqYqSrH86eUBw0BU9Wzsy4iARPg9G3iRIQ2GNxvejcQXeGaJot7HHphkgcPgSjq2bILFos4A== Completed in 0ms
103 timing metavuln:calculate:security-advisory:require_optional:PlZgIkF6e3/0yLjqYqSrH86eUBw0BU9Wzsy4iARPg9G3iRIQ2GNxvejcQXeGaJot7HHphkgcPgSjq2bILFos4A== Completed in 5ms
104 timing auditReport:init Completed in 179ms
105 timing reify:audit Completed in 509ms
106 timing reify Completed in 878ms
107 timing command:install Completed in 972ms
108 verbose exit 0
109 timing npm Completed in 1162ms
110 info ok
