0 verbose cli /usr/local/bin/node /usr/local/bin/npm
1 info using npm@8.11.0
2 info using node@v17.9.1
3 timing npm:load:whichnode Completed in 0ms
4 timing config:load:defaults Completed in 3ms
5 timing config:load:file:/usr/local/lib/node_modules/npm/npmrc Completed in 51ms
6 timing config:load:builtin Completed in 52ms
7 warn config production Use `--omit=dev` instead.
8 timing config:load:cli Completed in 2ms
9 timing config:load:env Completed in 1ms
10 timing config:load:project Completed in 8ms
11 timing config:load:file:/home/container/.npmrc Completed in 0ms
12 timing config:load:user Completed in 0ms
13 timing config:load:file:/usr/local/etc/npmrc Completed in 0ms
14 timing config:load:global Completed in 1ms
15 timing config:load:validate Completed in 0ms
16 timing config:load:credentials Completed in 1ms
17 timing config:load:setEnvs Completed in 0ms
18 timing config:load Completed in 68ms
19 timing npm:load:configload Completed in 68ms
20 timing npm:load:mkdirpcache Completed in 1ms
21 timing npm:load:mkdirplogs Completed in 1ms
22 verbose title npm install
23 verbose argv "install" "--production"
24 timing npm:load:setTitle Completed in 1ms
25 timing config:load:flatten Completed in 4ms
26 timing npm:load:display Completed in 6ms
27 verbose logfile logs-max:10 dir:/home/container/.npm/_logs
28 verbose logfile /home/container/.npm/_logs/2023-10-17T09_02_43_373Z-debug-0.log
29 timing npm:load:logFile Completed in 6ms
30 timing npm:load:timers Completed in 0ms
31 timing npm:load:configScope Completed in 0ms
32 timing npm:load Completed in 84ms
33 timing arborist:ctor Completed in 1ms
34 silly logfile start cleaning logs, removing 1 files
35 silly logfile done cleaning log files
36 timing idealTree:init Completed in 86ms
37 timing idealTree:userRequests Completed in 0ms
38 silly idealTree buildDeps
39 timing idealTree:#root Completed in 0ms
40 timing idealTree:buildDeps Completed in 1ms
41 timing idealTree:fixDepFlags Completed in 0ms
42 timing idealTree Completed in 89ms
43 timing arborist:ctor Completed in 0ms
44 timing reify:loadTrees Completed in 177ms
45 timing reify:diffTrees Completed in 3ms
46 silly reify moves {}
47 timing reify:retireShallow Completed in 1ms
48 timing reify:createSparse Completed in 0ms
49 timing reify:trashOmits Completed in 0ms
50 timing reify:loadBundles Completed in 0ms
51 silly audit bulk request {
51 silly audit   '@discordjs/builders': [ '0.16.0' ],
51 silly audit   'discord-api-types': [ '0.36.3', '0.33.5' ],
51 silly audit   '@discordjs/collection': [ '0.7.0' ],
51 silly audit   '@sapphire/async-queue': [ '1.5.0' ],
51 silly audit   '@sapphire/shapeshift': [ '3.5.1' ],
51 silly audit   '@types/bson': [ '4.0.3' ],
51 silly audit   '@types/mongodb': [ '3.6.3' ],
51 silly audit   '@types/node': [ '14.14.13' ],
51 silly audit   '@types/node-fetch': [ '2.6.3' ],
51 silly audit   'form-data': [ '3.0.1', '4.0.0' ],
51 silly audit   '@types/ws': [ '8.5.4' ],
51 silly audit   asynckit: [ '0.4.0' ],
51 silly audit   bl: [ '2.2.1' ],
51 silly audit   bluebird: [ '3.5.1' ],
51 silly audit   bson: [ '1.1.5' ],
51 silly audit   'combined-stream': [ '1.0.8' ],
51 silly audit   'core-util-is': [ '1.0.2' ],
51 silly audit   debug: [ '3.1.0' ],
51 silly audit   ms: [ '2.0.0', '2.1.2' ],
51 silly audit   'delayed-stream': [ '1.0.0' ],
51 silly audit   denque: [ '1.4.1' ],
51 silly audit   'discord-buttons': [ '4.0.0' ],
51 silly audit   'discord.js': [ '13.16.0' ],
51 silly audit   'discord.js-buttons': [ '1.0.0' ],
51 silly audit   'fast-deep-equal': [ '3.1.3' ],
51 silly audit   inherits: [ '2.0.4' ],
51 silly audit   isarray: [ '1.0.0' ],
51 silly audit   kareem: [ '2.3.2' ],
51 silly audit   lodash: [ '4.17.21' ],
51 silly audit   'lodash.uniqwith': [ '4.5.0' ],
51 silly audit   'memory-pager': [ '1.5.0' ],
51 silly audit   'mime-db': [ '1.52.0' ],
51 silly audit   'mime-types': [ '2.1.35' ],
51 silly audit   mongodb: [ '3.6.3' ],
51 silly audit   mongoose: [ '5.11.8' ],
51 silly audit   'mongoose-legacy-pluralize': [ '1.0.2' ],
51 silly audit   mpath: [ '0.8.1' ],
51 silly audit   mquery: [ '3.2.3' ],
51 silly audit   'safe-buffer': [ '5.1.2', '5.2.1' ],
51 silly audit   'node-fetch': [ '2.6.7' ],
51 silly audit   'process-nextick-args': [ '2.0.1' ],
51 silly audit   'readable-stream': [ '2.3.7' ],
51 silly audit   'regexp-clone': [ '1.0.0' ],
51 silly audit   require_optional: [ '1.0.1' ],
51 silly audit   'resolve-from': [ '2.0.0' ],
51 silly audit   saslprep: [ '1.0.3' ],
51 silly audit   semver: [ '5.7.1' ],
51 silly audit   sift: [ '7.0.1' ],
51 silly audit   sliced: [ '1.0.1' ],
51 silly audit   'sparse-bitfield': [ '3.0.3' ],
51 silly audit   string_decoder: [ '1.1.1' ],
51 silly audit   tr46: [ '0.0.3' ],
51 silly audit   'ts-mixer': [ '6.0.1' ],
51 silly audit   tslib: [ '2.4.0' ],
51 silly audit   'util-deprecate': [ '1.0.2' ],
51 silly audit   'webidl-conversions': [ '3.0.1' ],
51 silly audit   'whatwg-url': [ '5.0.0' ],
51 silly audit   ws: [ '8.13.0' ]
51 silly audit }
52 timing reify:unpack Completed in 2ms
53 timing reify:unretire Completed in 0ms
54 timing build:queue Completed in 0ms
55 timing build:deps Completed in 0ms
56 timing build Completed in 0ms
57 timing reify:build Completed in 1ms
58 timing reify:trash Completed in 0ms
59 timing reify:save Completed in 57ms
60 http fetch POST 200 https://registry.npmjs.org/-/npm/v1/security/advisories/bulk 257ms
61 timing auditReport:getReport Completed in 328ms
62 silly audit report {
62 silly audit report   mongodb: [
62 silly audit report     {
62 silly audit report       id: 1094268,
62 silly audit report       url: 'https://github.com/advisories/GHSA-vxvm-qww3-2fh7',
62 silly audit report       title: 'MongoDB Driver may publish events containing authentication-related data',
62 silly audit report       severity: 'moderate',
62 silly audit report       vulnerable_versions: '>=3.6.0 <3.6.10',
62 silly audit report       cwe: [Array],
62 silly audit report       cvss: [Object]
62 silly audit report     }
62 silly audit report   ],
62 silly audit report   mongoose: [
62 silly audit report     {
62 silly audit report       id: 1092598,
62 silly audit report       url: 'https://github.com/advisories/GHSA-9m93-w8w6-76hh',
62 silly audit report       title: 'Mongoose Prototype Pollution vulnerability',
62 silly audit report       severity: 'critical',
62 silly audit report       vulnerable_versions: '<5.13.20',
62 silly audit report       cwe: [Array],
62 silly audit report       cvss: [Object]
62 silly audit report     },
62 silly audit report     {
62 silly audit report       id: 1093637,
62 silly audit report       url: 'https://github.com/advisories/GHSA-f825-f98c-gj3g',
62 silly audit report       title: 'automattic/mongoose vulnerable to Prototype pollution via Schema.path',
62 silly audit report       severity: 'high',
62 silly audit report       vulnerable_versions: '<5.13.15',
62 silly audit report       cwe: [Array],
62 silly audit report       cvss: [Object]
62 silly audit report     }
62 silly audit report   ],
62 silly audit report   mpath: [
62 silly audit report     {
62 silly audit report       id: 1093427,
62 silly audit report       url: 'https://github.com/advisories/GHSA-p92x-r36w-9395',
62 silly audit report       title: 'Type confusion in mpath',
62 silly audit report       severity: 'moderate',
62 silly audit report       vulnerable_versions: '<0.8.4',
62 silly audit report       cwe: [Array],
62 silly audit report       cvss: [Object]
62 silly audit report     }
62 silly audit report   ],
62 silly audit report   semver: [
62 silly audit report     {
62 silly audit report       id: 1093262,
62 silly audit report       url: 'https://github.com/advisories/GHSA-c2qf-rxjj-qqgw',
62 silly audit report       title: 'semver vulnerable to Regular Expression Denial of Service',
62 silly audit report       severity: 'moderate',
62 silly audit report       vulnerable_versions: '<5.7.2',
62 silly audit report       cwe: [Array],
62 silly audit report       cvss: [Object]
62 silly audit report     }
62 silly audit report   ]
62 silly audit report }
63 timing metavuln:cache:get:security-advisory:mongodb:Ln4JOeIQYHwQw5E39nAKS7nfzxq0V/ceDM8aCdkb6PgY3BWlOwoVvaC0oZziC9zp43eDJu12GQm4k6bep1mDPg== Completed in 8ms
64 timing metavuln:cache:get:security-advisory:mongoose:bAUDBCe7K6VWB8sFgJFIg1NtCeo2buU4+vhQoSt1kZSyp6qCSDDFeEuPHj4bNoGTGmfWD/whq84kYTKdBcsW2A== Completed in 8ms
65 timing metavuln:cache:get:security-advisory:mpath:js+Es+Oal7fLBsP6FgQLbh7xODoDCREM5uIUQlaGHZmLH+U2tHUZGG/1xZo5O7xa3kDjtekL+7I8UhYMNyBU9w== Completed in 8ms
66 timing metavuln:cache:get:security-advisory:mongoose:YTTHljgg/lZ7kT9wDebz7Wl4r0ZgGe33q/cl+fV7JfE5KRKf3HxJKukPwTtvKf4db7WXChsAVr7wP5kWcTt2OA== Completed in 8ms
67 timing metavuln:cache:get:security-advisory:semver:PlZgIkF6e3/0yLjqYqSrH86eUBw0BU9Wzsy4iARPg9G3iRIQ2GNxvejcQXeGaJot7HHphkgcPgSjq2bILFos4A== Completed in 7ms
68 http fetch GET 200 https://registry.npmjs.org/semver 18ms (cache hit)
69 timing metavuln:packument:semver Completed in 19ms
70 timing metavuln:load:security-advisory:semver:1093262 Completed in 1ms
71 timing metavuln:calculate:security-advisory:semver:1093262 Completed in 20ms
72 http fetch GET 200 https://registry.npmjs.org/mpath 20ms (cache hit)
73 timing metavuln:packument:mpath Completed in 21ms
74 timing metavuln:load:security-advisory:mpath:1093427 Completed in 0ms
75 timing metavuln:calculate:security-advisory:mpath:1093427 Completed in 22ms
76 http fetch GET 200 https://registry.npmjs.org/mongodb 23ms (cache hit)
77 timing metavuln:packument:mongodb Completed in 29ms
78 timing metavuln:load:security-advisory:mongodb:1094268 Completed in 3ms
79 timing metavuln:calculate:security-advisory:mongodb:1094268 Completed in 32ms
80 http fetch GET 200 https://registry.npmjs.org/mongoose 34ms (cache hit)
81 timing metavuln:packument:mongoose Completed in 48ms
82 timing metavuln:load:security-advisory:mongoose:1092598 Completed in 16ms
83 timing metavuln:calculate:security-advisory:mongoose:1092598 Completed in 64ms
84 timing metavuln:load:security-advisory:mongoose:1093637 Completed in 83ms
85 timing metavuln:calculate:security-advisory:mongoose:1093637 Completed in 147ms
86 timing metavuln:cache:get:security-advisory:mongoose:dwPg/9SAoxCqs6+cncv37wZmUYUM2fcPWg8jZH9tsn9EYiASwmDJZK5bf9kGSlmGUb5gZBkXOMW+BRlJd3k+EQ== Completed in 3ms
87 timing metavuln:load:security-advisory:mongoose:Ln4JOeIQYHwQw5E39nAKS7nfzxq0V/ceDM8aCdkb6PgY3BWlOwoVvaC0oZziC9zp43eDJu12GQm4k6bep1mDPg== Completed in 4ms
88 timing metavuln:calculate:security-advisory:mongoose:Ln4JOeIQYHwQw5E39nAKS7nfzxq0V/ceDM8aCdkb6PgY3BWlOwoVvaC0oZziC9zp43eDJu12GQm4k6bep1mDPg== Completed in 7ms
89 timing metavuln:cache:get:security-advisory:mongoose-legacy-pluralize:CbluTbFMxgnkWJfh8tukYs+Pz0GDiPKQGiJULHwLrmOqVWlm4Y6t2irhEUTJykanDcozkqI4KM+EZ4SH/MIGfA== Completed in 3ms
90 http fetch GET 200 https://registry.npmjs.org/mongoose-legacy-pluralize 7ms (cache hit)
91 timing metavuln:packument:mongoose-legacy-pluralize Completed in 7ms
92 timing metavuln:load:security-advisory:mongoose-legacy-pluralize:bAUDBCe7K6VWB8sFgJFIg1NtCeo2buU4+vhQoSt1kZSyp6qCSDDFeEuPHj4bNoGTGmfWD/whq84kYTKdBcsW2A== Completed in 0ms
93 timing metavuln:calculate:security-advisory:mongoose-legacy-pluralize:bAUDBCe7K6VWB8sFgJFIg1NtCeo2buU4+vhQoSt1kZSyp6qCSDDFeEuPHj4bNoGTGmfWD/whq84kYTKdBcsW2A== Completed in 9ms
94 timing metavuln:cache:get:security-advisory:mongoose:aqfEV6EOrxCVohvSnVNhANP9C7n0TVykt+ZA5gR/RnkFRwJUAizPrdO7SPB2Mj5iQ7Dx+totgR/xaOgaM2JMWQ== Completed in 2ms
95 timing metavuln:load:security-advisory:mongoose:js+Es+Oal7fLBsP6FgQLbh7xODoDCREM5uIUQlaGHZmLH+U2tHUZGG/1xZo5O7xa3kDjtekL+7I8UhYMNyBU9w== Completed in 5ms
96 timing metavuln:calculate:security-advisory:mongoose:js+Es+Oal7fLBsP6FgQLbh7xODoDCREM5uIUQlaGHZmLH+U2tHUZGG/1xZo5O7xa3kDjtekL+7I8UhYMNyBU9w== Completed in 7ms
97 timing metavuln:cache:get:security-advisory:require_optional:eke0vwuyXj4EuO/X6wgw+rcTUtGE7H20/blAB/LSRszhTafIXqPz678M+24kJQpKUx2URoV4/7qTuvxPPSTaaA== Completed in 2ms
98 http fetch GET 200 https://registry.npmjs.org/require_optional 3ms (cache hit)
99 timing metavuln:packument:require_optional Completed in 3ms
100 timing metavuln:load:security-advisory:require_optional:PlZgIkF6e3/0yLjqYqSrH86eUBw0BU9Wzsy4iARPg9G3iRIQ2GNxvejcQXeGaJot7HHphkgcPgSjq2bILFos4A== Completed in 0ms
101 timing metavuln:calculate:security-advisory:require_optional:PlZgIkF6e3/0yLjqYqSrH86eUBw0BU9Wzsy4iARPg9G3iRIQ2GNxvejcQXeGaJot7HHphkgcPgSjq2bILFos4A== Completed in 4ms
102 timing auditReport:init Completed in 256ms
103 timing reify:audit Completed in 585ms
104 timing reify Completed in 776ms
105 timing command:install Completed in 871ms
106 verbose exit 0
107 timing npm Completed in 1066ms
108 info ok
