0 verbose cli /usr/local/bin/node /usr/local/bin/npm
1 info using npm@8.11.0
2 info using node@v17.9.1
3 timing npm:load:whichnode Completed in 1ms
4 timing config:load:defaults Completed in 11ms
5 timing config:load:file:/usr/local/lib/node_modules/npm/npmrc Completed in 2ms
6 timing config:load:builtin Completed in 2ms
7 timing config:load:cli Completed in 2ms
8 timing config:load:env Completed in 0ms
9 timing config:load:project Completed in 4ms
10 timing config:load:file:/home/container/.npmrc Completed in 0ms
11 timing config:load:user Completed in 0ms
12 timing config:load:file:/usr/local/etc/npmrc Completed in 1ms
13 timing config:load:global Completed in 1ms
14 timing config:load:validate Completed in 0ms
15 timing config:load:credentials Completed in 42ms
16 timing config:load:setEnvs Completed in 2ms
17 timing config:load Completed in 67ms
18 timing npm:load:configload Completed in 67ms
19 timing npm:load:mkdirpcache Completed in 20ms
20 timing npm:load:mkdirplogs Completed in 1ms
21 verbose title npm install discord.js
22 verbose argv "install" "discord.js"
23 timing npm:load:setTitle Completed in 2ms
24 timing config:load:flatten Completed in 3ms
25 timing npm:load:display Completed in 5ms
26 verbose logfile logs-max:10 dir:/home/container/.npm/_logs
27 verbose logfile /home/container/.npm/_logs/2024-02-09T14_52_06_362Z-debug-0.log
28 timing npm:load:logFile Completed in 7ms
29 timing npm:load:timers Completed in 0ms
30 timing npm:load:configScope Completed in 0ms
31 timing npm:load Completed in 103ms
32 timing arborist:ctor Completed in 1ms
33 silly logfile start cleaning logs, removing 1 files
34 silly logfile done cleaning log files
35 timing idealTree:init Completed in 108ms
36 timing idealTree:userRequests Completed in 3ms
37 silly idealTree buildDeps
38 silly fetch manifest discord.js@^13.17.1
39 timing arborist:ctor Completed in 0ms
40 http fetch GET 200 https://registry.npmjs.org/npm 621ms (cache updated)
41 http fetch GET 200 https://registry.npmjs.org/discord.js 604ms (cache updated)
42 silly placeDep ROOT discord.js@13.17.1 REPLACE for: blobbot@1.0.0 want: ^13.17.1
43 timing idealTree:#root Completed in 784ms
44 timing idealTree:node_modules/discord.js Completed in 0ms
45 timing idealTree:buildDeps Completed in 786ms
46 timing idealTree:fixDepFlags Completed in 2ms
47 timing idealTree Completed in 901ms
48 timing reify:loadTrees Completed in 902ms
49 timing reify:diffTrees Completed in 4ms
50 silly reify moves {}
51 timing reify:retireShallow Completed in 1ms
52 timing reify:createSparse Completed in 0ms
53 timing reify:loadBundles Completed in 0ms
54 silly audit bulk request {
54 silly audit   '@discordjs/builders': [ '0.16.0' ],
54 silly audit   'discord-api-types': [ '0.36.3', '0.33.5' ],
54 silly audit   '@discordjs/collection': [ '0.7.0' ],
54 silly audit   '@sapphire/async-queue': [ '1.5.0' ],
54 silly audit   '@sapphire/shapeshift': [ '3.5.1' ],
54 silly audit   '@types/bson': [ '4.0.3' ],
54 silly audit   '@types/mongodb': [ '3.6.3' ],
54 silly audit   '@types/node': [ '14.14.13' ],
54 silly audit   '@types/node-fetch': [ '2.6.3' ],
54 silly audit   'form-data': [ '3.0.1', '4.0.0' ],
54 silly audit   '@types/ws': [ '8.5.4' ],
54 silly audit   asynckit: [ '0.4.0' ],
54 silly audit   bl: [ '2.2.1' ],
54 silly audit   bluebird: [ '3.5.1' ],
54 silly audit   bson: [ '1.1.5' ],
54 silly audit   'combined-stream': [ '1.0.8' ],
54 silly audit   'core-util-is': [ '1.0.2' ],
54 silly audit   debug: [ '3.1.0' ],
54 silly audit   ms: [ '2.0.0', '2.1.2' ],
54 silly audit   'delayed-stream': [ '1.0.0' ],
54 silly audit   denque: [ '1.4.1' ],
54 silly audit   'discord-buttons': [ '4.0.0' ],
54 silly audit   'discord.js-buttons': [ '1.0.0' ],
54 silly audit   'fast-deep-equal': [ '3.1.3' ],
54 silly audit   inherits: [ '2.0.4' ],
54 silly audit   isarray: [ '1.0.0' ],
54 silly audit   kareem: [ '2.3.2' ],
54 silly audit   lodash: [ '4.17.21' ],
54 silly audit   'lodash.uniqwith': [ '4.5.0' ],
54 silly audit   'memory-pager': [ '1.5.0' ],
54 silly audit   'mime-db': [ '1.52.0' ],
54 silly audit   'mime-types': [ '2.1.35' ],
54 silly audit   mongodb: [ '3.6.3' ],
54 silly audit   mongoose: [ '5.11.8' ],
54 silly audit   'mongoose-legacy-pluralize': [ '1.0.2' ],
54 silly audit   mpath: [ '0.8.1' ],
54 silly audit   mquery: [ '3.2.3' ],
54 silly audit   'safe-buffer': [ '5.1.2', '5.2.1' ],
54 silly audit   'node-fetch': [ '2.6.7' ],
54 silly audit   'process-nextick-args': [ '2.0.1' ],
54 silly audit   'readable-stream': [ '2.3.7' ],
54 silly audit   'regexp-clone': [ '1.0.0' ],
54 silly audit   require_optional: [ '1.0.1' ],
54 silly audit   'resolve-from': [ '2.0.0' ],
54 silly audit   saslprep: [ '1.0.3' ],
54 silly audit   semver: [ '5.7.1' ],
54 silly audit   sift: [ '7.0.1' ],
54 silly audit   sliced: [ '1.0.1' ],
54 silly audit   'sparse-bitfield': [ '3.0.3' ],
54 silly audit   string_decoder: [ '1.1.1' ],
54 silly audit   tr46: [ '0.0.3' ],
54 silly audit   'ts-mixer': [ '6.0.1' ],
54 silly audit   tslib: [ '2.4.0' ],
54 silly audit   'util-deprecate': [ '1.0.2' ],
54 silly audit   'webidl-conversions': [ '3.0.1' ],
54 silly audit   'whatwg-url': [ '5.0.0' ],
54 silly audit   ws: [ '8.13.0' ],
54 silly audit   'discord.js': [ '13.17.1' ]
54 silly audit }
55 timing reify:unpack Completed in 1ms
56 timing reify:unretire Completed in 0ms
57 timing build:queue Completed in 0ms
58 timing build:deps Completed in 0ms
59 timing build Completed in 0ms
60 timing reify:build Completed in 1ms
61 timing reify:trash Completed in 0ms
62 timing reify:save Completed in 21ms
63 http fetch POST 200 https://registry.npmjs.org/-/npm/v1/security/advisories/bulk 120ms
64 timing auditReport:getReport Completed in 125ms
65 silly audit report {
65 silly audit report   mongodb: [
65 silly audit report     {
65 silly audit report       id: 1096430,
65 silly audit report       url: 'https://github.com/advisories/GHSA-vxvm-qww3-2fh7',
65 silly audit report       title: 'MongoDB Driver may publish events containing authentication-related data',
65 silly audit report       severity: 'moderate',
65 silly audit report       vulnerable_versions: '>=3.6.0 <3.6.10',
65 silly audit report       cwe: [Array],
65 silly audit report       cvss: [Object]
65 silly audit report     }
65 silly audit report   ],
65 silly audit report   mongoose: [
65 silly audit report     {
65 silly audit report       id: 1095078,
65 silly audit report       url: 'https://github.com/advisories/GHSA-f825-f98c-gj3g',
65 silly audit report       title: 'automattic/mongoose vulnerable to Prototype pollution via Schema.path',
65 silly audit report       severity: 'high',
65 silly audit report       vulnerable_versions: '<5.13.15',
65 silly audit report       cwe: [Array],
65 silly audit report       cvss: [Object]
65 silly audit report     },
65 silly audit report     {
65 silly audit report       id: 1095080,
65 silly audit report       url: 'https://github.com/advisories/GHSA-9m93-w8w6-76hh',
65 silly audit report       title: 'Mongoose Prototype Pollution vulnerability',
65 silly audit report       severity: 'critical',
65 silly audit report       vulnerable_versions: '<5.13.20',
65 silly audit report       cwe: [Array],
65 silly audit report       cvss: [Object]
65 silly audit report     }
65 silly audit report   ],
65 silly audit report   mpath: [
65 silly audit report     {
65 silly audit report       id: 1095075,
65 silly audit report       url: 'https://github.com/advisories/GHSA-p92x-r36w-9395',
65 silly audit report       title: 'Type confusion in mpath',
65 silly audit report       severity: 'moderate',
65 silly audit report       vulnerable_versions: '<0.8.4',
65 silly audit report       cwe: [Array],
65 silly audit report       cvss: [Object]
65 silly audit report     }
65 silly audit report   ],
65 silly audit report   semver: [
65 silly audit report     {
65 silly audit report       id: 1095365,
65 silly audit report       url: 'https://github.com/advisories/GHSA-c2qf-rxjj-qqgw',
65 silly audit report       title: 'semver vulnerable to Regular Expression Denial of Service',
65 silly audit report       severity: 'moderate',
65 silly audit report       vulnerable_versions: '<5.7.2',
65 silly audit report       cwe: [Array],
65 silly audit report       cvss: [Object]
65 silly audit report     }
65 silly audit report   ]
65 silly audit report }
66 timing metavuln:cache:get:security-advisory:mongodb:sbcI7w0pvgaIW1mwwDWuavO5YZ3KhCSdMB2xG6AeQYHYENK8DS6QgZsXB1rIN1sAB7BIREYCqGCffkJF76yckA== Completed in 3ms
67 timing metavuln:cache:get:security-advisory:mongoose:gEMa/beLqXAevsjDYLBifm3UQfQ/2Sjj4PS9KFwI4soSeTSkUvVMzJyNbngQsfOioIqZ1A2Ljmp2MNCw6+M3+w== Completed in 3ms
68 timing metavuln:cache:get:security-advisory:mongoose:enKLCCK/O26qzprOVU+HegHWB7jgsM6m1TcLA+kn2Q3BLSjIu14Z0L0cZ+ol0T5TlCavytYmJRZWIM+P3K/V2A== Completed in 3ms
69 timing metavuln:cache:get:security-advisory:mpath:4DOhntQEr6bpvBBnPU1zaN8uqPOu3g/wGUDv86mzzcjct1Pxrp0hqii+GlOMhzLbetfkrPkQkF7ZqpLKX2MQ/w== Completed in 3ms
70 timing metavuln:cache:get:security-advisory:semver:vJraZSMCyFgVQ1bNhWOdU+XpEYGbHFUDM5/14lk3FB9a6J8P2rnzNsKu2Y+kXua1A+i6q1QhI6bGVi1eZzIkWw== Completed in 2ms
71 http fetch GET 200 https://registry.npmjs.org/mpath 37ms (cache revalidated)
72 timing metavuln:packument:mpath Completed in 38ms
73 timing metavuln:load:security-advisory:mpath:1095075 Completed in 3ms
74 timing metavuln:cache:put:security-advisory:mpath:4DOhntQEr6bpvBBnPU1zaN8uqPOu3g/wGUDv86mzzcjct1Pxrp0hqii+GlOMhzLbetfkrPkQkF7ZqpLKX2MQ/w== Completed in 25ms
75 timing metavuln:calculate:security-advisory:mpath:1095075 Completed in 66ms
76 http fetch GET 200 https://registry.npmjs.org/mongodb 83ms (cache updated)
77 timing metavuln:packument:mongodb Completed in 90ms
78 timing metavuln:load:security-advisory:mongodb:1096430 Completed in 72ms
79 timing metavuln:cache:put:security-advisory:mongodb:sbcI7w0pvgaIW1mwwDWuavO5YZ3KhCSdMB2xG6AeQYHYENK8DS6QgZsXB1rIN1sAB7BIREYCqGCffkJF76yckA== Completed in 8ms
80 timing metavuln:calculate:security-advisory:mongodb:1096430 Completed in 170ms
81 http fetch GET 200 https://registry.npmjs.org/mongoose 189ms (cache updated)
82 timing metavuln:packument:mongoose Completed in 201ms
83 timing metavuln:load:security-advisory:mongoose:1095078 Completed in 74ms
84 timing metavuln:load:security-advisory:mongoose:1095080 Completed in 78ms
85 timing metavuln:cache:put:security-advisory:mongoose:enKLCCK/O26qzprOVU+HegHWB7jgsM6m1TcLA+kn2Q3BLSjIu14Z0L0cZ+ol0T5TlCavytYmJRZWIM+P3K/V2A== Completed in 100ms
86 timing metavuln:calculate:security-advisory:mongoose:1095080 Completed in 457ms
87 timing metavuln:cache:put:security-advisory:mongoose:gEMa/beLqXAevsjDYLBifm3UQfQ/2Sjj4PS9KFwI4soSeTSkUvVMzJyNbngQsfOioIqZ1A2Ljmp2MNCw6+M3+w== Completed in 181ms
88 timing metavuln:calculate:security-advisory:mongoose:1095078 Completed in 458ms
89 http fetch GET 200 https://registry.npmjs.org/semver 467ms (cache updated)
90 timing metavuln:packument:semver Completed in 467ms
91 timing metavuln:load:security-advisory:semver:1095365 Completed in 2ms
92 timing metavuln:cache:put:security-advisory:semver:vJraZSMCyFgVQ1bNhWOdU+XpEYGbHFUDM5/14lk3FB9a6J8P2rnzNsKu2Y+kXua1A+i6q1QhI6bGVi1eZzIkWw== Completed in 2ms
93 timing metavuln:calculate:security-advisory:semver:1095365 Completed in 472ms
94 timing metavuln:cache:get:security-advisory:mongoose:IfXAFDdLkQNbFwsX71AxMD3/v13TwQE4MoU1EKE/TSyH4ZkEKIbDXqlPGVZO2zOUmW4qvGE/qIXLxBga569S8g== Completed in 0ms
95 timing metavuln:load:security-advisory:mongoose:sbcI7w0pvgaIW1mwwDWuavO5YZ3KhCSdMB2xG6AeQYHYENK8DS6QgZsXB1rIN1sAB7BIREYCqGCffkJF76yckA== Completed in 486ms
96 timing metavuln:cache:put:security-advisory:mongoose:IfXAFDdLkQNbFwsX71AxMD3/v13TwQE4MoU1EKE/TSyH4ZkEKIbDXqlPGVZO2zOUmW4qvGE/qIXLxBga569S8g== Completed in 10ms
97 timing metavuln:calculate:security-advisory:mongoose:sbcI7w0pvgaIW1mwwDWuavO5YZ3KhCSdMB2xG6AeQYHYENK8DS6QgZsXB1rIN1sAB7BIREYCqGCffkJF76yckA== Completed in 496ms
98 timing metavuln:cache:get:security-advisory:mongoose-legacy-pluralize:u7rxU1294qwJcBCmscoAJeV0dNOkZvbixcvvWJj8DkoUT44tWILgCAAkSSi02UJ6EN/csmVvo2T9PahItCXTUg== Completed in 4ms
99 http fetch GET 200 https://registry.npmjs.org/mongoose-legacy-pluralize 309ms (cache revalidated)
100 timing metavuln:packument:mongoose-legacy-pluralize Completed in 310ms
101 timing metavuln:load:security-advisory:mongoose-legacy-pluralize:gEMa/beLqXAevsjDYLBifm3UQfQ/2Sjj4PS9KFwI4soSeTSkUvVMzJyNbngQsfOioIqZ1A2Ljmp2MNCw6+M3+w== Completed in 7ms
102 timing metavuln:cache:put:security-advisory:mongoose-legacy-pluralize:u7rxU1294qwJcBCmscoAJeV0dNOkZvbixcvvWJj8DkoUT44tWILgCAAkSSi02UJ6EN/csmVvo2T9PahItCXTUg== Completed in 3ms
103 timing metavuln:calculate:security-advisory:mongoose-legacy-pluralize:gEMa/beLqXAevsjDYLBifm3UQfQ/2Sjj4PS9KFwI4soSeTSkUvVMzJyNbngQsfOioIqZ1A2Ljmp2MNCw6+M3+w== Completed in 320ms
104 timing metavuln:cache:get:security-advisory:mongoose:TFNN3miy/DIeJacu+hFtTLAKHGrXNOEPT1npxkwtdDi3GsE0zmDgm31eAPOFNejx4mK7b192V6hOU4VcRYv4WQ== Completed in 0ms
105 timing metavuln:load:security-advisory:mongoose:4DOhntQEr6bpvBBnPU1zaN8uqPOu3g/wGUDv86mzzcjct1Pxrp0hqii+GlOMhzLbetfkrPkQkF7ZqpLKX2MQ/w== Completed in 64ms
106 timing metavuln:cache:put:security-advisory:mongoose:TFNN3miy/DIeJacu+hFtTLAKHGrXNOEPT1npxkwtdDi3GsE0zmDgm31eAPOFNejx4mK7b192V6hOU4VcRYv4WQ== Completed in 5ms
107 timing metavuln:calculate:security-advisory:mongoose:4DOhntQEr6bpvBBnPU1zaN8uqPOu3g/wGUDv86mzzcjct1Pxrp0hqii+GlOMhzLbetfkrPkQkF7ZqpLKX2MQ/w== Completed in 69ms
108 timing metavuln:cache:get:security-advisory:require_optional:FBcl/JuqWjSs+SFmjH7j8wN/nVWXMRwbFNEFOuEHjHUw51Tmf0ueD+r9TfGUYwjug3dg0MZenxhtPfuyWCJiZw== Completed in 1ms
109 http fetch GET 200 https://registry.npmjs.org/require_optional 325ms (cache revalidated)
110 timing metavuln:packument:require_optional Completed in 325ms
111 timing metavuln:load:security-advisory:require_optional:vJraZSMCyFgVQ1bNhWOdU+XpEYGbHFUDM5/14lk3FB9a6J8P2rnzNsKu2Y+kXua1A+i6q1QhI6bGVi1eZzIkWw== Completed in 1ms
112 timing metavuln:cache:put:security-advisory:require_optional:FBcl/JuqWjSs+SFmjH7j8wN/nVWXMRwbFNEFOuEHjHUw51Tmf0ueD+r9TfGUYwjug3dg0MZenxhtPfuyWCJiZw== Completed in 2ms
113 timing metavuln:calculate:security-advisory:require_optional:vJraZSMCyFgVQ1bNhWOdU+XpEYGbHFUDM5/14lk3FB9a6J8P2rnzNsKu2Y+kXua1A+i6q1QhI6bGVi1eZzIkWw== Completed in 328ms
114 timing auditReport:init Completed in 1691ms
115 timing reify:audit Completed in 1817ms
116 timing reify Completed in 2795ms
117 timing command:install Completed in 2825ms
118 notice
118 notice New [31mmajor[39m version of npm available! [31m8.11.0[39m -> [32m10.4.0[39m
118 notice Changelog: [36mhttps://github.com/npm/cli/releases/tag/v10.4.0[39m
118 notice Run [32mnpm install -g npm@10.4.0[39m to update!
118 notice
119 verbose exit 0
120 timing npm Completed in 3031ms
121 info ok
