0 verbose cli /usr/local/bin/node /usr/local/bin/npm
1 info using npm@8.11.0
2 info using node@v17.9.1
3 timing npm:load:whichnode Completed in 0ms
4 timing config:load:defaults Completed in 4ms
5 timing config:load:file:/usr/local/lib/node_modules/npm/npmrc Completed in 2ms
6 timing config:load:builtin Completed in 3ms
7 warn config production Use `--omit=dev` instead.
8 timing config:load:cli Completed in 2ms
9 timing config:load:env Completed in 1ms
10 timing config:load:project Completed in 10ms
11 timing config:load:file:/home/container/.npmrc Completed in 0ms
12 timing config:load:user Completed in 0ms
13 timing config:load:file:/usr/local/etc/npmrc Completed in 1ms
14 timing config:load:global Completed in 1ms
15 timing config:load:validate Completed in 0ms
16 timing config:load:credentials Completed in 1ms
17 timing config:load:setEnvs Completed in 2ms
18 timing config:load Completed in 24ms
19 timing npm:load:configload Completed in 25ms
20 timing npm:load:mkdirpcache Completed in 1ms
21 timing npm:load:mkdirplogs Completed in 0ms
22 verbose title npm install
23 verbose argv "install" "--production"
24 timing npm:load:setTitle Completed in 2ms
25 timing config:load:flatten Completed in 3ms
26 timing npm:load:display Completed in 5ms
27 verbose logfile logs-max:10 dir:/home/container/.npm/_logs
28 verbose logfile /home/container/.npm/_logs/2024-02-09T14_52_09_939Z-debug-0.log
29 timing npm:load:logFile Completed in 59ms
30 timing npm:load:timers Completed in 0ms
31 timing npm:load:configScope Completed in 0ms
32 timing npm:load Completed in 93ms
33 timing arborist:ctor Completed in 0ms
34 silly logfile start cleaning logs, removing 1 files
35 silly logfile done cleaning log files
36 timing idealTree:init Completed in 120ms
37 timing idealTree:userRequests Completed in 0ms
38 silly idealTree buildDeps
39 timing idealTree:#root Completed in 0ms
40 timing idealTree:buildDeps Completed in 1ms
41 timing idealTree:fixDepFlags Completed in 0ms
42 timing idealTree Completed in 124ms
43 timing arborist:ctor Completed in 0ms
44 timing reify:loadTrees Completed in 206ms
45 timing reify:diffTrees Completed in 4ms
46 silly reify moves {}
47 timing reify:retireShallow Completed in 2ms
48 timing reify:createSparse Completed in 0ms
49 timing reify:trashOmits Completed in 0ms
50 timing reify:loadBundles Completed in 0ms
51 silly audit bulk request {
51 silly audit   '@discordjs/builders': [ '0.16.0' ],
51 silly audit   'discord-api-types': [ '0.36.3', '0.33.5' ],
51 silly audit   '@discordjs/collection': [ '0.7.0' ],
51 silly audit   '@sapphire/async-queue': [ '1.5.0' ],
51 silly audit   '@sapphire/shapeshift': [ '3.5.1' ],
51 silly audit   '@types/bson': [ '4.0.3' ],
51 silly audit   '@types/mongodb': [ '3.6.3' ],
51 silly audit   '@types/node': [ '14.14.13' ],
51 silly audit   '@types/node-fetch': [ '2.6.3' ],
51 silly audit   'form-data': [ '3.0.1', '4.0.0' ],
51 silly audit   '@types/ws': [ '8.5.4' ],
51 silly audit   asynckit: [ '0.4.0' ],
51 silly audit   bl: [ '2.2.1' ],
51 silly audit   bluebird: [ '3.5.1' ],
51 silly audit   bson: [ '1.1.5' ],
51 silly audit   'combined-stream': [ '1.0.8' ],
51 silly audit   'core-util-is': [ '1.0.2' ],
51 silly audit   debug: [ '3.1.0' ],
51 silly audit   ms: [ '2.0.0', '2.1.2' ],
51 silly audit   'delayed-stream': [ '1.0.0' ],
51 silly audit   denque: [ '1.4.1' ],
51 silly audit   'discord-buttons': [ '4.0.0' ],
51 silly audit   'discord.js': [ '13.17.1' ],
51 silly audit   'discord.js-buttons': [ '1.0.0' ],
51 silly audit   'fast-deep-equal': [ '3.1.3' ],
51 silly audit   inherits: [ '2.0.4' ],
51 silly audit   isarray: [ '1.0.0' ],
51 silly audit   kareem: [ '2.3.2' ],
51 silly audit   lodash: [ '4.17.21' ],
51 silly audit   'lodash.uniqwith': [ '4.5.0' ],
51 silly audit   'memory-pager': [ '1.5.0' ],
51 silly audit   'mime-db': [ '1.52.0' ],
51 silly audit   'mime-types': [ '2.1.35' ],
51 silly audit   mongodb: [ '3.6.3' ],
51 silly audit   mongoose: [ '5.11.8' ],
51 silly audit   'mongoose-legacy-pluralize': [ '1.0.2' ],
51 silly audit   mpath: [ '0.8.1' ],
51 silly audit   mquery: [ '3.2.3' ],
51 silly audit   'safe-buffer': [ '5.1.2', '5.2.1' ],
51 silly audit   'node-fetch': [ '2.6.7' ],
51 silly audit   'process-nextick-args': [ '2.0.1' ],
51 silly audit   'readable-stream': [ '2.3.7' ],
51 silly audit   'regexp-clone': [ '1.0.0' ],
51 silly audit   require_optional: [ '1.0.1' ],
51 silly audit   'resolve-from': [ '2.0.0' ],
51 silly audit   saslprep: [ '1.0.3' ],
51 silly audit   semver: [ '5.7.1' ],
51 silly audit   sift: [ '7.0.1' ],
51 silly audit   sliced: [ '1.0.1' ],
51 silly audit   'sparse-bitfield': [ '3.0.3' ],
51 silly audit   string_decoder: [ '1.1.1' ],
51 silly audit   tr46: [ '0.0.3' ],
51 silly audit   'ts-mixer': [ '6.0.1' ],
51 silly audit   tslib: [ '2.4.0' ],
51 silly audit   'util-deprecate': [ '1.0.2' ],
51 silly audit   'webidl-conversions': [ '3.0.1' ],
51 silly audit   'whatwg-url': [ '5.0.0' ],
51 silly audit   ws: [ '8.13.0' ]
51 silly audit }
52 timing reify:unpack Completed in 3ms
53 timing reify:unretire Completed in 0ms
54 timing build:queue Completed in 0ms
55 timing build:deps Completed in 1ms
56 timing build Completed in 1ms
57 timing reify:build Completed in 1ms
58 timing reify:trash Completed in 0ms
59 timing reify:save Completed in 17ms
60 http fetch POST 200 https://registry.npmjs.org/-/npm/v1/security/advisories/bulk 289ms
61 timing auditReport:getReport Completed in 294ms
62 silly audit report {
62 silly audit report   mongodb: [
62 silly audit report     {
62 silly audit report       id: 1096430,
62 silly audit report       url: 'https://github.com/advisories/GHSA-vxvm-qww3-2fh7',
62 silly audit report       title: 'MongoDB Driver may publish events containing authentication-related data',
62 silly audit report       severity: 'moderate',
62 silly audit report       vulnerable_versions: '>=3.6.0 <3.6.10',
62 silly audit report       cwe: [Array],
62 silly audit report       cvss: [Object]
62 silly audit report     }
62 silly audit report   ],
62 silly audit report   mongoose: [
62 silly audit report     {
62 silly audit report       id: 1095078,
62 silly audit report       url: 'https://github.com/advisories/GHSA-f825-f98c-gj3g',
62 silly audit report       title: 'automattic/mongoose vulnerable to Prototype pollution via Schema.path',
62 silly audit report       severity: 'high',
62 silly audit report       vulnerable_versions: '<5.13.15',
62 silly audit report       cwe: [Array],
62 silly audit report       cvss: [Object]
62 silly audit report     },
62 silly audit report     {
62 silly audit report       id: 1095080,
62 silly audit report       url: 'https://github.com/advisories/GHSA-9m93-w8w6-76hh',
62 silly audit report       title: 'Mongoose Prototype Pollution vulnerability',
62 silly audit report       severity: 'critical',
62 silly audit report       vulnerable_versions: '<5.13.20',
62 silly audit report       cwe: [Array],
62 silly audit report       cvss: [Object]
62 silly audit report     }
62 silly audit report   ],
62 silly audit report   mpath: [
62 silly audit report     {
62 silly audit report       id: 1095075,
62 silly audit report       url: 'https://github.com/advisories/GHSA-p92x-r36w-9395',
62 silly audit report       title: 'Type confusion in mpath',
62 silly audit report       severity: 'moderate',
62 silly audit report       vulnerable_versions: '<0.8.4',
62 silly audit report       cwe: [Array],
62 silly audit report       cvss: [Object]
62 silly audit report     }
62 silly audit report   ],
62 silly audit report   semver: [
62 silly audit report     {
62 silly audit report       id: 1095365,
62 silly audit report       url: 'https://github.com/advisories/GHSA-c2qf-rxjj-qqgw',
62 silly audit report       title: 'semver vulnerable to Regular Expression Denial of Service',
62 silly audit report       severity: 'moderate',
62 silly audit report       vulnerable_versions: '<5.7.2',
62 silly audit report       cwe: [Array],
62 silly audit report       cvss: [Object]
62 silly audit report     }
62 silly audit report   ]
62 silly audit report }
63 timing metavuln:cache:get:security-advisory:mongodb:sbcI7w0pvgaIW1mwwDWuavO5YZ3KhCSdMB2xG6AeQYHYENK8DS6QgZsXB1rIN1sAB7BIREYCqGCffkJF76yckA== Completed in 12ms
64 timing metavuln:cache:get:security-advisory:mpath:4DOhntQEr6bpvBBnPU1zaN8uqPOu3g/wGUDv86mzzcjct1Pxrp0hqii+GlOMhzLbetfkrPkQkF7ZqpLKX2MQ/w== Completed in 10ms
65 timing metavuln:cache:get:security-advisory:mongoose:gEMa/beLqXAevsjDYLBifm3UQfQ/2Sjj4PS9KFwI4soSeTSkUvVMzJyNbngQsfOioIqZ1A2Ljmp2MNCw6+M3+w== Completed in 12ms
66 timing metavuln:cache:get:security-advisory:mongoose:enKLCCK/O26qzprOVU+HegHWB7jgsM6m1TcLA+kn2Q3BLSjIu14Z0L0cZ+ol0T5TlCavytYmJRZWIM+P3K/V2A== Completed in 11ms
67 timing metavuln:cache:get:security-advisory:semver:vJraZSMCyFgVQ1bNhWOdU+XpEYGbHFUDM5/14lk3FB9a6J8P2rnzNsKu2Y+kXua1A+i6q1QhI6bGVi1eZzIkWw== Completed in 11ms
68 http fetch GET 200 https://registry.npmjs.org/mpath 21ms (cache hit)
69 timing metavuln:packument:mpath Completed in 21ms
70 timing metavuln:load:security-advisory:mpath:1095075 Completed in 1ms
71 timing metavuln:calculate:security-advisory:mpath:1095075 Completed in 22ms
72 http fetch GET 200 https://registry.npmjs.org/semver 21ms (cache hit)
73 timing metavuln:packument:semver Completed in 22ms
74 timing metavuln:load:security-advisory:semver:1095365 Completed in 1ms
75 timing metavuln:calculate:security-advisory:semver:1095365 Completed in 24ms
76 http fetch GET 200 https://registry.npmjs.org/mongodb 27ms (cache hit)
77 timing metavuln:packument:mongodb Completed in 33ms
78 timing metavuln:load:security-advisory:mongodb:1096430 Completed in 3ms
79 timing metavuln:calculate:security-advisory:mongodb:1096430 Completed in 36ms
80 http fetch GET 200 https://registry.npmjs.org/mongoose 38ms (cache hit)
81 timing metavuln:packument:mongoose Completed in 90ms
82 timing metavuln:load:security-advisory:mongoose:1095078 Completed in 13ms
83 timing metavuln:calculate:security-advisory:mongoose:1095078 Completed in 104ms
84 timing metavuln:load:security-advisory:mongoose:1095080 Completed in 92ms
85 timing metavuln:calculate:security-advisory:mongoose:1095080 Completed in 195ms
86 timing metavuln:cache:get:security-advisory:mongoose:IfXAFDdLkQNbFwsX71AxMD3/v13TwQE4MoU1EKE/TSyH4ZkEKIbDXqlPGVZO2zOUmW4qvGE/qIXLxBga569S8g== Completed in 3ms
87 timing metavuln:load:security-advisory:mongoose:sbcI7w0pvgaIW1mwwDWuavO5YZ3KhCSdMB2xG6AeQYHYENK8DS6QgZsXB1rIN1sAB7BIREYCqGCffkJF76yckA== Completed in 4ms
88 timing metavuln:calculate:security-advisory:mongoose:sbcI7w0pvgaIW1mwwDWuavO5YZ3KhCSdMB2xG6AeQYHYENK8DS6QgZsXB1rIN1sAB7BIREYCqGCffkJF76yckA== Completed in 7ms
89 timing metavuln:cache:get:security-advisory:mongoose-legacy-pluralize:u7rxU1294qwJcBCmscoAJeV0dNOkZvbixcvvWJj8DkoUT44tWILgCAAkSSi02UJ6EN/csmVvo2T9PahItCXTUg== Completed in 3ms
90 http fetch GET 200 https://registry.npmjs.org/mongoose-legacy-pluralize 4ms (cache hit)
91 timing metavuln:packument:mongoose-legacy-pluralize Completed in 5ms
92 timing metavuln:load:security-advisory:mongoose-legacy-pluralize:gEMa/beLqXAevsjDYLBifm3UQfQ/2Sjj4PS9KFwI4soSeTSkUvVMzJyNbngQsfOioIqZ1A2Ljmp2MNCw6+M3+w== Completed in 0ms
93 timing metavuln:calculate:security-advisory:mongoose-legacy-pluralize:gEMa/beLqXAevsjDYLBifm3UQfQ/2Sjj4PS9KFwI4soSeTSkUvVMzJyNbngQsfOioIqZ1A2Ljmp2MNCw6+M3+w== Completed in 5ms
94 timing metavuln:cache:get:security-advisory:mongoose:TFNN3miy/DIeJacu+hFtTLAKHGrXNOEPT1npxkwtdDi3GsE0zmDgm31eAPOFNejx4mK7b192V6hOU4VcRYv4WQ== Completed in 2ms
95 timing metavuln:load:security-advisory:mongoose:4DOhntQEr6bpvBBnPU1zaN8uqPOu3g/wGUDv86mzzcjct1Pxrp0hqii+GlOMhzLbetfkrPkQkF7ZqpLKX2MQ/w== Completed in 5ms
96 timing metavuln:calculate:security-advisory:mongoose:4DOhntQEr6bpvBBnPU1zaN8uqPOu3g/wGUDv86mzzcjct1Pxrp0hqii+GlOMhzLbetfkrPkQkF7ZqpLKX2MQ/w== Completed in 7ms
97 timing metavuln:cache:get:security-advisory:require_optional:FBcl/JuqWjSs+SFmjH7j8wN/nVWXMRwbFNEFOuEHjHUw51Tmf0ueD+r9TfGUYwjug3dg0MZenxhtPfuyWCJiZw== Completed in 2ms
98 http fetch GET 200 https://registry.npmjs.org/require_optional 5ms (cache hit)
99 timing metavuln:packument:require_optional Completed in 6ms
100 timing metavuln:load:security-advisory:require_optional:vJraZSMCyFgVQ1bNhWOdU+XpEYGbHFUDM5/14lk3FB9a6J8P2rnzNsKu2Y+kXua1A+i6q1QhI6bGVi1eZzIkWw== Completed in 0ms
101 timing metavuln:calculate:security-advisory:require_optional:vJraZSMCyFgVQ1bNhWOdU+XpEYGbHFUDM5/14lk3FB9a6J8P2rnzNsKu2Y+kXua1A+i6q1QhI6bGVi1eZzIkWw== Completed in 7ms
102 timing auditReport:init Completed in 304ms
103 timing reify:audit Completed in 598ms
104 timing reify Completed in 856ms
105 timing command:install Completed in 961ms
106 verbose exit 0
107 timing npm Completed in 1110ms
108 info ok
